/*C5*/SET SCHEMA PUBLIC
DISCONNECT
/*C6*/SET SCHEMA PUBLIC
DISCONNECT
/*C7*/SET SCHEMA PUBLIC
DISCONNECT
/*C8*/SET SCHEMA PUBLIC
DISCONNECT
/*C9*/SET SCHEMA PUBLIC
DISCONNECT
/*C10*/SET SCHEMA PUBLIC
INSERT INTO PRODUTO VALUES(46,'Tv 55 polegadas','full hd')
INSERT INTO PRODUTO VALUES(47,'Bicicleta aro 16''','banco em couro')
INSERT INTO PRODUTO VALUES(48,'Bluray','bluray com 3 hdmi')
COMMIT
SET SCHEMA PUBLIC
DISCONNECT
/*C11*/SET SCHEMA PUBLIC
INSERT INTO PRODUTO VALUES(49,'Tv 55 polegadas','full hd')
INSERT INTO PRODUTO VALUES(50,'Bicicleta aro 16''','banco em couro')
INSERT INTO PRODUTO VALUES(51,'Bluray','bluray com 3 hdmi')
COMMIT
/*C12*/SET SCHEMA PUBLIC
INSERT INTO PRODUTO VALUES(52,'Tv 55 polegadas','full hd')
INSERT INTO PRODUTO VALUES(53,'Bicicleta aro 16''','banco em couro')
INSERT INTO PRODUTO VALUES(54,'Bluray','bluray com 3 hdmi')
COMMIT
/*C13*/SET SCHEMA PUBLIC
INSERT INTO PRODUTO VALUES(55,'Tv 55 polegadas','full hd')
INSERT INTO PRODUTO VALUES(56,'Bicicleta aro 16''','banco em couro')
INSERT INTO PRODUTO VALUES(57,'Bluray','bluray com 3 hdmi')
COMMIT
/*C14*/SET SCHEMA PUBLIC
INSERT INTO PRODUTO VALUES(58,'Tv 55 polegadas','full hd')
INSERT INTO PRODUTO VALUES(59,'Bicicleta aro 16''','banco em couro')
INSERT INTO PRODUTO VALUES(60,'Bluray','bluray com 3 hdmi')
COMMIT
/*C15*/SET SCHEMA PUBLIC
INSERT INTO PRODUTO VALUES(61,'Tv 55 polegadas','full hd')
INSERT INTO PRODUTO VALUES(62,'Bicicleta aro 16''','banco em couro')
INSERT INTO PRODUTO VALUES(63,'Bluray','bluray com 3 hdmi')
COMMIT
/*C16*/SET SCHEMA PUBLIC
INSERT INTO PRODUTO VALUES(64,'Tv 55 polegadas','full hd')
INSERT INTO PRODUTO VALUES(65,'Bicicleta aro 16''','banco em couro')
INSERT INTO PRODUTO VALUES(66,'Bluray','bluray com 3 hdmi')
COMMIT
/*C17*/SET SCHEMA PUBLIC
INSERT INTO PRODUTO VALUES(67,'Tv 55 polegadas','full hd')
INSERT INTO PRODUTO VALUES(68,'Bicicleta aro 16''','banco em couro')
INSERT INTO PRODUTO VALUES(69,'Bluray','bluray com 3 hdmi')
COMMIT
/*C18*/SET SCHEMA PUBLIC
INSERT INTO PRODUTO VALUES(70,'Tv 55 polegadas','full hd')
INSERT INTO PRODUTO VALUES(71,'Bicicleta aro 16''','banco em couro')
INSERT INTO PRODUTO VALUES(72,'Bluray','bluray com 3 hdmi')
COMMIT
/*C19*/SET SCHEMA PUBLIC
INSERT INTO PRODUTO VALUES(73,'Tv 55 polegadas','full hd')
INSERT INTO PRODUTO VALUES(74,'Bicicleta aro 16''','banco em couro')
INSERT INTO PRODUTO VALUES(75,'Bluray','bluray com 3 hdmi')
COMMIT
/*C20*/SET SCHEMA PUBLIC
INSERT INTO PRODUTO VALUES(76,'Tv 55 polegadas','full hd')
INSERT INTO PRODUTO VALUES(77,'Bicicleta aro 16''','banco em couro')
INSERT INTO PRODUTO VALUES(78,'Bluray','bluray com 3 hdmi')
COMMIT
/*C21*/SET SCHEMA PUBLIC
INSERT INTO PRODUTO VALUES(79,'Tv 55 polegadas','full hd')
INSERT INTO PRODUTO VALUES(80,'Bicicleta aro 16''','banco em couro')
INSERT INTO PRODUTO VALUES(81,'Bluray','bluray com 3 hdmi')
COMMIT
/*C22*/SET SCHEMA PUBLIC
INSERT INTO PRODUTO VALUES(82,'Tv 55 polegadas','full hd')
INSERT INTO PRODUTO VALUES(83,'Bicicleta aro 16''','banco em couro')
INSERT INTO PRODUTO VALUES(84,'Bluray','bluray com 3 hdmi')
COMMIT
/*C23*/SET SCHEMA PUBLIC
INSERT INTO PRODUTO VALUES(85,'Tv 55 polegadas','full hd')
INSERT INTO PRODUTO VALUES(86,'Bicicleta aro 16''','banco em couro')
INSERT INTO PRODUTO VALUES(87,'Bluray','bluray com 3 hdmi')
COMMIT
/*C24*/SET SCHEMA PUBLIC
INSERT INTO PRODUTO VALUES(88,'Tv 55 polegadas','full hd')
INSERT INTO PRODUTO VALUES(89,'Bicicleta aro 16''','banco em couro')
INSERT INTO PRODUTO VALUES(90,'Bluray','bluray com 3 hdmi')
COMMIT
/*C25*/SET SCHEMA PUBLIC
INSERT INTO PRODUTO VALUES(91,'Tv 55 polegadas','full hd')
INSERT INTO PRODUTO VALUES(92,'Bicicleta aro 16''','banco em couro')
INSERT INTO PRODUTO VALUES(93,'Bluray','bluray com 3 hdmi')
COMMIT
/*C26*/SET SCHEMA PUBLIC
INSERT INTO PRODUTO VALUES(94,'Tv 55 polegadas','full hd')
INSERT INTO PRODUTO VALUES(95,'Bicicleta aro 16''','banco em couro')
INSERT INTO PRODUTO VALUES(96,'Bluray','bluray com 3 hdmi')
COMMIT
/*C27*/SET SCHEMA PUBLIC
INSERT INTO PRODUTO VALUES(97,'Tv 55 polegadas','full hd')
INSERT INTO PRODUTO VALUES(98,'Bicicleta aro 16''','banco em couro')
INSERT INTO PRODUTO VALUES(99,'Bluray','bluray com 3 hdmi')
COMMIT
/*C28*/SET SCHEMA PUBLIC
INSERT INTO PRODUTO VALUES(100,'Tv 55 polegadas','full hd')
INSERT INTO PRODUTO VALUES(101,'Bicicleta aro 16''','banco em couro')
INSERT INTO PRODUTO VALUES(102,'Bluray','bluray com 3 hdmi')
COMMIT
/*C29*/SET SCHEMA PUBLIC
INSERT INTO PRODUTO VALUES(103,'Tv 55 polegadas','full hd')
INSERT INTO PRODUTO VALUES(104,'Bicicleta aro 16''','banco em couro')
INSERT INTO PRODUTO VALUES(105,'Bluray','bluray com 3 hdmi')
COMMIT
/*C30*/SET SCHEMA PUBLIC
INSERT INTO PRODUTO VALUES(106,'Tv 55 polegadas','full hd')
INSERT INTO PRODUTO VALUES(107,'Bicicleta aro 16''','banco em couro')
INSERT INTO PRODUTO VALUES(108,'Bluray','bluray com 3 hdmi')
COMMIT
/*C31*/SET SCHEMA PUBLIC
INSERT INTO PRODUTO VALUES(109,'Tv 55 polegadas','full hd')
INSERT INTO PRODUTO VALUES(110,'Bicicleta aro 16''','banco em couro')
INSERT INTO PRODUTO VALUES(111,'Bluray','bluray com 3 hdmi')
COMMIT
/*C32*/SET SCHEMA PUBLIC
INSERT INTO PRODUTO VALUES(112,'Tv 55 polegadas','full hd')
INSERT INTO PRODUTO VALUES(113,'Bicicleta aro 16''','banco em couro')
INSERT INTO PRODUTO VALUES(114,'Bluray','bluray com 3 hdmi')
COMMIT
/*C33*/SET SCHEMA PUBLIC
INSERT INTO PRODUTO VALUES(115,'Tv 55 polegadas','full hd')
INSERT INTO PRODUTO VALUES(116,'Bicicleta aro 16''','banco em couro')
INSERT INTO PRODUTO VALUES(117,'Bluray','bluray com 3 hdmi')
COMMIT
/*C34*/SET SCHEMA PUBLIC
INSERT INTO PRODUTO VALUES(118,'Tv 55 polegadas','full hd')
INSERT INTO PRODUTO VALUES(119,'Bicicleta aro 16''','banco em couro')
INSERT INTO PRODUTO VALUES(120,'Bluray','bluray com 3 hdmi')
COMMIT
/*C35*/SET SCHEMA PUBLIC
INSERT INTO PRODUTO VALUES(121,'Tv 55 polegadas','full hd')
INSERT INTO PRODUTO VALUES(122,'Bicicleta aro 16''','banco em couro')
INSERT INTO PRODUTO VALUES(123,'Bluray','bluray com 3 hdmi')
COMMIT
/*C36*/SET SCHEMA PUBLIC
INSERT INTO PRODUTO VALUES(124,'Tv 55 polegadas','full hd')
INSERT INTO PRODUTO VALUES(125,'Bicicleta aro 16''','banco em couro')
INSERT INTO PRODUTO VALUES(126,'Bluray','bluray com 3 hdmi')
COMMIT
/*C37*/SET SCHEMA PUBLIC
INSERT INTO PRODUTO VALUES(127,'Tv 55 polegadas','full hd')
INSERT INTO PRODUTO VALUES(128,'Bicicleta aro 16''','banco em couro')
INSERT INTO PRODUTO VALUES(129,'Bluray','bluray com 3 hdmi')
COMMIT
/*C38*/SET SCHEMA PUBLIC
INSERT INTO PRODUTO VALUES(130,'Tv 55 polegadas','full hd')
INSERT INTO PRODUTO VALUES(131,'Bicicleta aro 16''','banco em couro')
INSERT INTO PRODUTO VALUES(132,'Bluray','bluray com 3 hdmi')
COMMIT
/*C39*/SET SCHEMA PUBLIC
INSERT INTO PRODUTO VALUES(133,'Tv 55 polegadas','full hd')
INSERT INTO PRODUTO VALUES(134,'Bicicleta aro 16''','banco em couro')
INSERT INTO PRODUTO VALUES(135,'Bluray','bluray com 3 hdmi')
COMMIT
/*C40*/SET SCHEMA PUBLIC
INSERT INTO PRODUTO VALUES(136,'Tv 55 polegadas','full hd')
INSERT INTO PRODUTO VALUES(137,'Bicicleta aro 16''','banco em couro')
INSERT INTO PRODUTO VALUES(138,'Bluray','bluray com 3 hdmi')
COMMIT
/*C41*/SET SCHEMA PUBLIC
INSERT INTO PRODUTO VALUES(139,'Tv 55 polegadas','full hd')
INSERT INTO PRODUTO VALUES(140,'Bicicleta aro 16''','banco em couro')
INSERT INTO PRODUTO VALUES(141,'Bluray','bluray com 3 hdmi')
COMMIT
/*C42*/SET SCHEMA PUBLIC
INSERT INTO PRODUTO VALUES(142,'Tv 55 polegadas','full hd')
INSERT INTO PRODUTO VALUES(143,'Bicicleta aro 16''','banco em couro')
INSERT INTO PRODUTO VALUES(144,'Bluray','bluray com 3 hdmi')
COMMIT
/*C43*/SET SCHEMA PUBLIC
INSERT INTO PRODUTO VALUES(145,'Tv 55 polegadas','full hd')
INSERT INTO PRODUTO VALUES(146,'Bicicleta aro 16''','banco em couro')
INSERT INTO PRODUTO VALUES(147,'Bluray','bluray com 3 hdmi')
COMMIT
/*C44*/SET SCHEMA PUBLIC
INSERT INTO PRODUTO VALUES(148,'Tv 55 polegadas','full hd')
INSERT INTO PRODUTO VALUES(149,'Bicicleta aro 16''','banco em couro')
INSERT INTO PRODUTO VALUES(150,'Bluray','bluray com 3 hdmi')
COMMIT
/*C45*/SET SCHEMA PUBLIC
INSERT INTO PRODUTO VALUES(151,'Tv 55 polegadas','full hd')
INSERT INTO PRODUTO VALUES(152,'Bicicleta aro 16''','banco em couro')
INSERT INTO PRODUTO VALUES(153,'Bluray','bluray com 3 hdmi')
COMMIT
/*C46*/SET SCHEMA PUBLIC
INSERT INTO PRODUTO VALUES(154,'Tv 55 polegadas','full hd')
INSERT INTO PRODUTO VALUES(155,'Bicicleta aro 16''','banco em couro')
INSERT INTO PRODUTO VALUES(156,'Bluray','bluray com 3 hdmi')
COMMIT
/*C47*/SET SCHEMA PUBLIC
INSERT INTO PRODUTO VALUES(157,'Tv 55 polegadas','full hd')
INSERT INTO PRODUTO VALUES(158,'Bicicleta aro 16''','banco em couro')
INSERT INTO PRODUTO VALUES(159,'Bluray','bluray com 3 hdmi')
COMMIT
/*C48*/SET SCHEMA PUBLIC
INSERT INTO PRODUTO VALUES(160,'Tv 55 polegadas','full hd')
INSERT INTO PRODUTO VALUES(161,'Bicicleta aro 16''','banco em couro')
INSERT INTO PRODUTO VALUES(162,'Bluray','bluray com 3 hdmi')
COMMIT
/*C49*/SET SCHEMA PUBLIC
INSERT INTO PRODUTO VALUES(163,'Tv 55 polegadas','full hd')
INSERT INTO PRODUTO VALUES(164,'Bicicleta aro 16''','banco em couro')
INSERT INTO PRODUTO VALUES(165,'Bluray','bluray com 3 hdmi')
COMMIT
/*C50*/SET SCHEMA PUBLIC
INSERT INTO PRODUTO VALUES(166,'Tv 55 polegadas','full hd')
INSERT INTO PRODUTO VALUES(167,'Bicicleta aro 16''','banco em couro')
INSERT INTO PRODUTO VALUES(168,'Bluray','bluray com 3 hdmi')
COMMIT
/*C51*/SET SCHEMA PUBLIC
INSERT INTO PRODUTO VALUES(169,'Tv 55 polegadas','full hd')
INSERT INTO PRODUTO VALUES(170,'Bicicleta aro 16''','banco em couro')
INSERT INTO PRODUTO VALUES(171,'Bluray','bluray com 3 hdmi')
COMMIT
/*C52*/SET SCHEMA PUBLIC
INSERT INTO PRODUTO VALUES(172,'Tv 55 polegadas','full hd')
INSERT INTO PRODUTO VALUES(173,'Bicicleta aro 16''','banco em couro')
INSERT INTO PRODUTO VALUES(174,'Bluray','bluray com 3 hdmi')
COMMIT
/*C53*/SET SCHEMA PUBLIC
INSERT INTO PRODUTO VALUES(175,'Tv 55 polegadas','full hd')
INSERT INTO PRODUTO VALUES(176,'Bicicleta aro 16''','banco em couro')
INSERT INTO PRODUTO VALUES(177,'Bluray','bluray com 3 hdmi')
COMMIT
/*C54*/SET SCHEMA PUBLIC
INSERT INTO PRODUTO VALUES(178,'Tv 55 polegadas','full hd')
INSERT INTO PRODUTO VALUES(179,'Bicicleta aro 16''','banco em couro')
INSERT INTO PRODUTO VALUES(180,'Bluray','bluray com 3 hdmi')
COMMIT
/*C55*/SET SCHEMA PUBLIC
INSERT INTO PRODUTO VALUES(181,'Tv 55 polegadas','full hd')
INSERT INTO PRODUTO VALUES(182,'Bicicleta aro 16''','banco em couro')
INSERT INTO PRODUTO VALUES(183,'Bluray','bluray com 3 hdmi')
COMMIT
/*C56*/SET SCHEMA PUBLIC
INSERT INTO PRODUTO VALUES(184,'Tv 55 polegadas','full hd')
INSERT INTO PRODUTO VALUES(185,'Bicicleta aro 16''','banco em couro')
INSERT INTO PRODUTO VALUES(186,'Bluray','bluray com 3 hdmi')
COMMIT
/*C57*/SET SCHEMA PUBLIC
INSERT INTO PRODUTO VALUES(187,'Tv 55 polegadas','full hd')
INSERT INTO PRODUTO VALUES(188,'Bicicleta aro 16''','banco em couro')
INSERT INTO PRODUTO VALUES(189,'Bluray','bluray com 3 hdmi')
COMMIT
/*C58*/SET SCHEMA PUBLIC
INSERT INTO PRODUTO VALUES(190,'Tv 55 polegadas','full hd')
INSERT INTO PRODUTO VALUES(191,'Bicicleta aro 16''','banco em couro')
INSERT INTO PRODUTO VALUES(192,'Bluray','bluray com 3 hdmi')
COMMIT
/*C59*/SET SCHEMA PUBLIC
INSERT INTO PRODUTO VALUES(193,'Tv 55 polegadas','full hd')
INSERT INTO PRODUTO VALUES(194,'Bicicleta aro 16''','banco em couro')
INSERT INTO PRODUTO VALUES(195,'Bluray','bluray com 3 hdmi')
COMMIT
/*C60*/SET SCHEMA PUBLIC
INSERT INTO PRODUTO VALUES(196,'Tv 55 polegadas','full hd')
INSERT INTO PRODUTO VALUES(197,'Bicicleta aro 16''','banco em couro')
INSERT INTO PRODUTO VALUES(198,'Bluray','bluray com 3 hdmi')
COMMIT
/*C12*/SET SCHEMA PUBLIC
DISCONNECT
/*C11*/SET SCHEMA PUBLIC
DISCONNECT
/*C13*/SET SCHEMA PUBLIC
DISCONNECT
/*C14*/SET SCHEMA PUBLIC
DISCONNECT
/*C15*/SET SCHEMA PUBLIC
DISCONNECT
/*C17*/SET SCHEMA PUBLIC
DISCONNECT
/*C18*/SET SCHEMA PUBLIC
DISCONNECT
/*C16*/SET SCHEMA PUBLIC
DISCONNECT
/*C19*/SET SCHEMA PUBLIC
DISCONNECT
/*C21*/SET SCHEMA PUBLIC
DISCONNECT
/*C20*/SET SCHEMA PUBLIC
DISCONNECT
/*C22*/SET SCHEMA PUBLIC
DISCONNECT
/*C23*/SET SCHEMA PUBLIC
DISCONNECT
/*C25*/SET SCHEMA PUBLIC
DISCONNECT
/*C26*/SET SCHEMA PUBLIC
DISCONNECT
/*C24*/SET SCHEMA PUBLIC
DISCONNECT
/*C30*/SET SCHEMA PUBLIC
DISCONNECT
/*C29*/SET SCHEMA PUBLIC
DISCONNECT
/*C31*/SET SCHEMA PUBLIC
DISCONNECT
/*C27*/SET SCHEMA PUBLIC
DISCONNECT
/*C28*/SET SCHEMA PUBLIC
DISCONNECT
/*C33*/SET SCHEMA PUBLIC
DISCONNECT
/*C32*/SET SCHEMA PUBLIC
DISCONNECT
/*C34*/SET SCHEMA PUBLIC
DISCONNECT
/*C35*/SET SCHEMA PUBLIC
DISCONNECT
/*C36*/SET SCHEMA PUBLIC
DISCONNECT
/*C37*/SET SCHEMA PUBLIC
DISCONNECT
/*C38*/SET SCHEMA PUBLIC
DISCONNECT
/*C39*/SET SCHEMA PUBLIC
DISCONNECT
/*C40*/SET SCHEMA PUBLIC
DISCONNECT
/*C41*/SET SCHEMA PUBLIC
DISCONNECT
/*C42*/SET SCHEMA PUBLIC
DISCONNECT
/*C43*/SET SCHEMA PUBLIC
DISCONNECT
/*C44*/SET SCHEMA PUBLIC
DISCONNECT
/*C45*/SET SCHEMA PUBLIC
DISCONNECT
/*C46*/SET SCHEMA PUBLIC
DISCONNECT
/*C47*/SET SCHEMA PUBLIC
DISCONNECT
/*C48*/SET SCHEMA PUBLIC
DISCONNECT
/*C49*/SET SCHEMA PUBLIC
DISCONNECT
/*C50*/SET SCHEMA PUBLIC
DISCONNECT
/*C51*/SET SCHEMA PUBLIC
DISCONNECT
/*C52*/SET SCHEMA PUBLIC
DISCONNECT
/*C53*/SET SCHEMA PUBLIC
DISCONNECT
/*C54*/SET SCHEMA PUBLIC
DISCONNECT
/*C55*/SET SCHEMA PUBLIC
DISCONNECT
/*C56*/SET SCHEMA PUBLIC
DISCONNECT
/*C57*/SET SCHEMA PUBLIC
DISCONNECT
/*C58*/SET SCHEMA PUBLIC
DISCONNECT
/*C59*/SET SCHEMA PUBLIC
DISCONNECT
/*C60*/SET SCHEMA PUBLIC
DISCONNECT
/*C61*/SET SCHEMA PUBLIC
DISCONNECT
/*C63*/SET SCHEMA PUBLIC
DELETE FROM PRODUTO WHERE ID=46
DELETE FROM PRODUTO WHERE ID=47
DELETE FROM PRODUTO WHERE ID=48
DELETE FROM PRODUTO WHERE ID=49
DELETE FROM PRODUTO WHERE ID=50
DELETE FROM PRODUTO WHERE ID=51
DELETE FROM PRODUTO WHERE ID=52
DELETE FROM PRODUTO WHERE ID=53
DELETE FROM PRODUTO WHERE ID=54
DELETE FROM PRODUTO WHERE ID=55
DELETE FROM PRODUTO WHERE ID=56
DELETE FROM PRODUTO WHERE ID=57
DELETE FROM PRODUTO WHERE ID=58
DELETE FROM PRODUTO WHERE ID=59
DELETE FROM PRODUTO WHERE ID=60
DELETE FROM PRODUTO WHERE ID=61
DELETE FROM PRODUTO WHERE ID=62
DELETE FROM PRODUTO WHERE ID=63
DELETE FROM PRODUTO WHERE ID=64
DELETE FROM PRODUTO WHERE ID=65
DELETE FROM PRODUTO WHERE ID=66
DELETE FROM PRODUTO WHERE ID=67
DELETE FROM PRODUTO WHERE ID=68
DELETE FROM PRODUTO WHERE ID=69
DELETE FROM PRODUTO WHERE ID=70
DELETE FROM PRODUTO WHERE ID=71
DELETE FROM PRODUTO WHERE ID=72
DELETE FROM PRODUTO WHERE ID=73
DELETE FROM PRODUTO WHERE ID=74
DELETE FROM PRODUTO WHERE ID=75
DELETE FROM PRODUTO WHERE ID=76
DELETE FROM PRODUTO WHERE ID=77
DELETE FROM PRODUTO WHERE ID=78
DELETE FROM PRODUTO WHERE ID=79
DELETE FROM PRODUTO WHERE ID=80
DELETE FROM PRODUTO WHERE ID=81
DELETE FROM PRODUTO WHERE ID=82
DELETE FROM PRODUTO WHERE ID=83
DELETE FROM PRODUTO WHERE ID=84
DELETE FROM PRODUTO WHERE ID=85
DELETE FROM PRODUTO WHERE ID=86
DELETE FROM PRODUTO WHERE ID=87
DELETE FROM PRODUTO WHERE ID=88
DELETE FROM PRODUTO WHERE ID=89
DELETE FROM PRODUTO WHERE ID=90
DELETE FROM PRODUTO WHERE ID=91
DELETE FROM PRODUTO WHERE ID=92
DELETE FROM PRODUTO WHERE ID=93
DELETE FROM PRODUTO WHERE ID=94
DELETE FROM PRODUTO WHERE ID=95
DELETE FROM PRODUTO WHERE ID=96
DELETE FROM PRODUTO WHERE ID=97
DELETE FROM PRODUTO WHERE ID=98
DELETE FROM PRODUTO WHERE ID=99
DELETE FROM PRODUTO WHERE ID=100
DELETE FROM PRODUTO WHERE ID=101
DELETE FROM PRODUTO WHERE ID=102
DELETE FROM PRODUTO WHERE ID=103
DELETE FROM PRODUTO WHERE ID=104
DELETE FROM PRODUTO WHERE ID=105
DELETE FROM PRODUTO WHERE ID=106
DELETE FROM PRODUTO WHERE ID=107
DELETE FROM PRODUTO WHERE ID=108
DELETE FROM PRODUTO WHERE ID=109
DELETE FROM PRODUTO WHERE ID=110
DELETE FROM PRODUTO WHERE ID=111
DELETE FROM PRODUTO WHERE ID=112
DELETE FROM PRODUTO WHERE ID=113
DELETE FROM PRODUTO WHERE ID=114
DELETE FROM PRODUTO WHERE ID=115
DELETE FROM PRODUTO WHERE ID=116
DELETE FROM PRODUTO WHERE ID=117
DELETE FROM PRODUTO WHERE ID=118
DELETE FROM PRODUTO WHERE ID=119
DELETE FROM PRODUTO WHERE ID=120
DELETE FROM PRODUTO WHERE ID=121
DELETE FROM PRODUTO WHERE ID=122
DELETE FROM PRODUTO WHERE ID=123
DELETE FROM PRODUTO WHERE ID=124
DELETE FROM PRODUTO WHERE ID=125
DELETE FROM PRODUTO WHERE ID=126
DELETE FROM PRODUTO WHERE ID=127
DELETE FROM PRODUTO WHERE ID=128
DELETE FROM PRODUTO WHERE ID=129
DELETE FROM PRODUTO WHERE ID=130
DELETE FROM PRODUTO WHERE ID=131
DELETE FROM PRODUTO WHERE ID=132
DELETE FROM PRODUTO WHERE ID=133
DELETE FROM PRODUTO WHERE ID=134
DELETE FROM PRODUTO WHERE ID=135
DELETE FROM PRODUTO WHERE ID=136
DELETE FROM PRODUTO WHERE ID=137
DELETE FROM PRODUTO WHERE ID=138
DELETE FROM PRODUTO WHERE ID=139
DELETE FROM PRODUTO WHERE ID=140
DELETE FROM PRODUTO WHERE ID=141
DELETE FROM PRODUTO WHERE ID=142
DELETE FROM PRODUTO WHERE ID=143
DELETE FROM PRODUTO WHERE ID=144
DELETE FROM PRODUTO WHERE ID=145
DELETE FROM PRODUTO WHERE ID=146
DELETE FROM PRODUTO WHERE ID=147
DELETE FROM PRODUTO WHERE ID=148
DELETE FROM PRODUTO WHERE ID=149
DELETE FROM PRODUTO WHERE ID=150
DELETE FROM PRODUTO WHERE ID=151
DELETE FROM PRODUTO WHERE ID=152
DELETE FROM PRODUTO WHERE ID=153
DELETE FROM PRODUTO WHERE ID=154
DELETE FROM PRODUTO WHERE ID=155
DELETE FROM PRODUTO WHERE ID=156
DELETE FROM PRODUTO WHERE ID=157
DELETE FROM PRODUTO WHERE ID=158
DELETE FROM PRODUTO WHERE ID=159
DELETE FROM PRODUTO WHERE ID=160
DELETE FROM PRODUTO WHERE ID=161
DELETE FROM PRODUTO WHERE ID=162
DELETE FROM PRODUTO WHERE ID=163
DELETE FROM PRODUTO WHERE ID=164
DELETE FROM PRODUTO WHERE ID=165
DELETE FROM PRODUTO WHERE ID=166
DELETE FROM PRODUTO WHERE ID=167
DELETE FROM PRODUTO WHERE ID=168
DELETE FROM PRODUTO WHERE ID=169
DELETE FROM PRODUTO WHERE ID=170
DELETE FROM PRODUTO WHERE ID=171
DELETE FROM PRODUTO WHERE ID=172
DELETE FROM PRODUTO WHERE ID=173
DELETE FROM PRODUTO WHERE ID=174
DELETE FROM PRODUTO WHERE ID=175
DELETE FROM PRODUTO WHERE ID=176
DELETE FROM PRODUTO WHERE ID=177
DELETE FROM PRODUTO WHERE ID=178
DELETE FROM PRODUTO WHERE ID=179
DELETE FROM PRODUTO WHERE ID=180
DELETE FROM PRODUTO WHERE ID=181
DELETE FROM PRODUTO WHERE ID=182
DELETE FROM PRODUTO WHERE ID=183
DELETE FROM PRODUTO WHERE ID=184
DELETE FROM PRODUTO WHERE ID=185
DELETE FROM PRODUTO WHERE ID=186
DELETE FROM PRODUTO WHERE ID=187
DELETE FROM PRODUTO WHERE ID=188
DELETE FROM PRODUTO WHERE ID=189
DELETE FROM PRODUTO WHERE ID=190
DELETE FROM PRODUTO WHERE ID=191
DELETE FROM PRODUTO WHERE ID=192
DELETE FROM PRODUTO WHERE ID=193
DELETE FROM PRODUTO WHERE ID=194
DELETE FROM PRODUTO WHERE ID=195
DELETE FROM PRODUTO WHERE ID=196
DELETE FROM PRODUTO WHERE ID=197
DELETE FROM PRODUTO WHERE ID=198
COMMIT
SET SCHEMA PUBLIC
DISCONNECT
/*C64*/SET SCHEMA PUBLIC
DISCONNECT
/*C65*/SET SCHEMA PUBLIC
DISCONNECT
/*C66*/SET SCHEMA PUBLIC
DISCONNECT
/*C67*/SET SCHEMA PUBLIC
DISCONNECT
/*C68*/SET SCHEMA PUBLIC
DISCONNECT
/*C69*/SET SCHEMA PUBLIC
DISCONNECT
/*C70*/SET SCHEMA PUBLIC
DISCONNECT
/*C71*/SET SCHEMA PUBLIC
DISCONNECT
/*C72*/SET SCHEMA PUBLIC
DISCONNECT
/*C73*/SET SCHEMA PUBLIC
DISCONNECT
/*C74*/SET SCHEMA PUBLIC
DISCONNECT
/*C75*/SET SCHEMA PUBLIC
DISCONNECT
/*C76*/SET SCHEMA PUBLIC
DISCONNECT
/*C77*/SET SCHEMA PUBLIC
DISCONNECT
/*C78*/SET SCHEMA PUBLIC
DISCONNECT
/*C79*/SET SCHEMA PUBLIC
DISCONNECT
/*C80*/SET SCHEMA PUBLIC
DISCONNECT
/*C81*/SET SCHEMA PUBLIC
DISCONNECT
/*C82*/SET SCHEMA PUBLIC
DISCONNECT
/*C83*/SET SCHEMA PUBLIC
DISCONNECT
/*C84*/SET SCHEMA PUBLIC
DISCONNECT
/*C85*/SET SCHEMA PUBLIC
DISCONNECT
/*C86*/SET SCHEMA PUBLIC
DISCONNECT
/*C87*/SET SCHEMA PUBLIC
DISCONNECT
/*C88*/SET SCHEMA PUBLIC
DISCONNECT
/*C89*/SET SCHEMA PUBLIC
DISCONNECT
/*C90*/SET SCHEMA PUBLIC
DISCONNECT
/*C91*/SET SCHEMA PUBLIC
DISCONNECT
/*C92*/SET SCHEMA PUBLIC
DISCONNECT
/*C93*/SET SCHEMA PUBLIC
DISCONNECT
/*C94*/SET SCHEMA PUBLIC
DISCONNECT
/*C95*/SET SCHEMA PUBLIC
DISCONNECT
/*C96*/SET SCHEMA PUBLIC
DISCONNECT
/*C97*/SET SCHEMA PUBLIC
DISCONNECT
/*C98*/SET SCHEMA PUBLIC
DISCONNECT
/*C99*/SET SCHEMA PUBLIC
DISCONNECT
/*C100*/SET SCHEMA PUBLIC
DISCONNECT
/*C101*/SET SCHEMA PUBLIC
DISCONNECT
/*C102*/SET SCHEMA PUBLIC
DISCONNECT
/*C103*/SET SCHEMA PUBLIC
DISCONNECT
/*C104*/SET SCHEMA PUBLIC
DISCONNECT
/*C105*/SET SCHEMA PUBLIC
DISCONNECT
/*C106*/SET SCHEMA PUBLIC
DISCONNECT
/*C107*/SET SCHEMA PUBLIC
DISCONNECT
/*C108*/SET SCHEMA PUBLIC
DISCONNECT
/*C109*/SET SCHEMA PUBLIC
DISCONNECT
/*C110*/SET SCHEMA PUBLIC
DISCONNECT
/*C111*/SET SCHEMA PUBLIC
DISCONNECT
/*C112*/SET SCHEMA PUBLIC
DISCONNECT
/*C113*/SET SCHEMA PUBLIC
DISCONNECT
/*C114*/SET SCHEMA PUBLIC
DISCONNECT
/*C115*/SET SCHEMA PUBLIC
DISCONNECT
/*C116*/SET SCHEMA PUBLIC
DISCONNECT
/*C117*/SET SCHEMA PUBLIC
DISCONNECT
/*C120*/SET SCHEMA PUBLIC
DISCONNECT
/*C119*/SET SCHEMA PUBLIC
DISCONNECT
/*C121*/SET SCHEMA PUBLIC
DISCONNECT
/*C123*/SET SCHEMA PUBLIC
DISCONNECT
/*C124*/SET SCHEMA PUBLIC
DISCONNECT
/*C118*/SET SCHEMA PUBLIC
DISCONNECT
/*C125*/SET SCHEMA PUBLIC
DISCONNECT
/*C122*/SET SCHEMA PUBLIC
DISCONNECT
/*C127*/SET SCHEMA PUBLIC
DISCONNECT
/*C128*/SET SCHEMA PUBLIC
DISCONNECT
/*C129*/SET SCHEMA PUBLIC
DISCONNECT
/*C126*/SET SCHEMA PUBLIC
DISCONNECT
/*C131*/SET SCHEMA PUBLIC
DISCONNECT
/*C132*/SET SCHEMA PUBLIC
DISCONNECT
/*C133*/SET SCHEMA PUBLIC
DISCONNECT
/*C130*/SET SCHEMA PUBLIC
DISCONNECT
/*C135*/SET SCHEMA PUBLIC
DISCONNECT
/*C136*/SET SCHEMA PUBLIC
DISCONNECT
/*C137*/SET SCHEMA PUBLIC
DISCONNECT
/*C134*/SET SCHEMA PUBLIC
DISCONNECT
/*C139*/SET SCHEMA PUBLIC
DISCONNECT
/*C140*/SET SCHEMA PUBLIC
DISCONNECT
/*C141*/SET SCHEMA PUBLIC
DISCONNECT
/*C138*/SET SCHEMA PUBLIC
DISCONNECT
/*C143*/SET SCHEMA PUBLIC
DISCONNECT
/*C144*/SET SCHEMA PUBLIC
DISCONNECT
/*C145*/SET SCHEMA PUBLIC
DISCONNECT
/*C142*/SET SCHEMA PUBLIC
DISCONNECT
/*C147*/SET SCHEMA PUBLIC
DISCONNECT
/*C149*/SET SCHEMA PUBLIC
DISCONNECT
/*C148*/SET SCHEMA PUBLIC
DISCONNECT
/*C151*/SET SCHEMA PUBLIC
DISCONNECT
/*C152*/SET SCHEMA PUBLIC
DISCONNECT
/*C153*/SET SCHEMA PUBLIC
DISCONNECT
/*C146*/SET SCHEMA PUBLIC
DISCONNECT
/*C150*/SET SCHEMA PUBLIC
DISCONNECT
/*C155*/SET SCHEMA PUBLIC
DISCONNECT
/*C156*/SET SCHEMA PUBLIC
DISCONNECT
/*C154*/SET SCHEMA PUBLIC
DISCONNECT
/*C157*/SET SCHEMA PUBLIC
DISCONNECT
/*C158*/SET SCHEMA PUBLIC
DISCONNECT
/*C159*/SET SCHEMA PUBLIC
DISCONNECT
/*C160*/SET SCHEMA PUBLIC
DISCONNECT
/*C161*/SET SCHEMA PUBLIC
DISCONNECT
/*C162*/SET SCHEMA PUBLIC
DISCONNECT
/*C163*/SET SCHEMA PUBLIC
DISCONNECT
/*C165*/SET SCHEMA PUBLIC
DISCONNECT
/*C164*/SET SCHEMA PUBLIC
DISCONNECT
/*C166*/SET SCHEMA PUBLIC
DISCONNECT
/*C167*/SET SCHEMA PUBLIC
DISCONNECT
/*C168*/SET SCHEMA PUBLIC
DISCONNECT
/*C169*/SET SCHEMA PUBLIC
DISCONNECT
/*C171*/SET SCHEMA PUBLIC
DISCONNECT
/*C172*/SET SCHEMA PUBLIC
DISCONNECT
/*C170*/SET SCHEMA PUBLIC
DISCONNECT
/*C173*/SET SCHEMA PUBLIC
DISCONNECT
/*C174*/SET SCHEMA PUBLIC
DISCONNECT
/*C175*/SET SCHEMA PUBLIC
DISCONNECT
/*C176*/SET SCHEMA PUBLIC
DISCONNECT
/*C177*/SET SCHEMA PUBLIC
DISCONNECT
/*C178*/SET SCHEMA PUBLIC
DISCONNECT
/*C179*/SET SCHEMA PUBLIC
DISCONNECT
/*C180*/SET SCHEMA PUBLIC
DISCONNECT
/*C181*/SET SCHEMA PUBLIC
DISCONNECT
/*C182*/SET SCHEMA PUBLIC
DISCONNECT
/*C183*/SET SCHEMA PUBLIC
DISCONNECT
/*C184*/SET SCHEMA PUBLIC
DISCONNECT
/*C185*/SET SCHEMA PUBLIC
DISCONNECT
/*C186*/SET SCHEMA PUBLIC
DISCONNECT
/*C187*/SET SCHEMA PUBLIC
DISCONNECT
/*C188*/SET SCHEMA PUBLIC
DISCONNECT
/*C189*/SET SCHEMA PUBLIC
DISCONNECT
/*C190*/SET SCHEMA PUBLIC
DISCONNECT
/*C191*/SET SCHEMA PUBLIC
DISCONNECT
/*C192*/SET SCHEMA PUBLIC
DISCONNECT
/*C193*/SET SCHEMA PUBLIC
DISCONNECT
/*C194*/SET SCHEMA PUBLIC
DISCONNECT
/*C195*/SET SCHEMA PUBLIC
DISCONNECT
/*C198*/SET SCHEMA PUBLIC
DISCONNECT
/*C196*/SET SCHEMA PUBLIC
DISCONNECT
/*C199*/SET SCHEMA PUBLIC
DISCONNECT
/*C197*/SET SCHEMA PUBLIC
DISCONNECT
/*C200*/SET SCHEMA PUBLIC
DISCONNECT
/*C202*/SET SCHEMA PUBLIC
DISCONNECT
/*C201*/SET SCHEMA PUBLIC
DISCONNECT
/*C203*/SET SCHEMA PUBLIC
DISCONNECT
/*C204*/SET SCHEMA PUBLIC
DISCONNECT
/*C205*/SET SCHEMA PUBLIC
DISCONNECT
/*C206*/SET SCHEMA PUBLIC
DISCONNECT
/*C207*/SET SCHEMA PUBLIC
DISCONNECT
/*C208*/SET SCHEMA PUBLIC
DISCONNECT
/*C209*/SET SCHEMA PUBLIC
DISCONNECT
/*C210*/SET SCHEMA PUBLIC
DISCONNECT
/*C213*/SET SCHEMA PUBLIC
DISCONNECT
/*C211*/SET SCHEMA PUBLIC
DISCONNECT
/*C212*/SET SCHEMA PUBLIC
DISCONNECT
/*C214*/SET SCHEMA PUBLIC
DISCONNECT
/*C215*/SET SCHEMA PUBLIC
DISCONNECT
/*C216*/SET SCHEMA PUBLIC
DISCONNECT
/*C217*/SET SCHEMA PUBLIC
DISCONNECT
/*C218*/SET SCHEMA PUBLIC
DISCONNECT
/*C219*/SET SCHEMA PUBLIC
DISCONNECT
/*C220*/SET SCHEMA PUBLIC
DISCONNECT
/*C222*/SET SCHEMA PUBLIC
DISCONNECT
/*C224*/SET SCHEMA PUBLIC
DISCONNECT
/*C221*/SET SCHEMA PUBLIC
DISCONNECT
/*C223*/SET SCHEMA PUBLIC
DISCONNECT
/*C226*/SET SCHEMA PUBLIC
DISCONNECT
/*C225*/SET SCHEMA PUBLIC
DISCONNECT
/*C227*/SET SCHEMA PUBLIC
DISCONNECT
/*C228*/SET SCHEMA PUBLIC
DISCONNECT
/*C229*/SET SCHEMA PUBLIC
DISCONNECT
/*C230*/SET SCHEMA PUBLIC
DISCONNECT
/*C231*/SET SCHEMA PUBLIC
DISCONNECT
/*C232*/SET SCHEMA PUBLIC
DISCONNECT
/*C233*/SET SCHEMA PUBLIC
DISCONNECT
/*C234*/SET SCHEMA PUBLIC
DISCONNECT
/*C236*/SET SCHEMA PUBLIC
DISCONNECT
/*C235*/SET SCHEMA PUBLIC
DISCONNECT
/*C237*/SET SCHEMA PUBLIC
DISCONNECT
/*C238*/SET SCHEMA PUBLIC
DISCONNECT
/*C239*/SET SCHEMA PUBLIC
DISCONNECT
/*C240*/SET SCHEMA PUBLIC
DISCONNECT
/*C241*/SET SCHEMA PUBLIC
DISCONNECT
/*C242*/SET SCHEMA PUBLIC
DISCONNECT
/*C243*/SET SCHEMA PUBLIC
DISCONNECT
/*C244*/SET SCHEMA PUBLIC
DISCONNECT
/*C245*/SET SCHEMA PUBLIC
DISCONNECT
/*C246*/SET SCHEMA PUBLIC
DISCONNECT
/*C247*/SET SCHEMA PUBLIC
DISCONNECT
/*C248*/SET SCHEMA PUBLIC
DISCONNECT
/*C250*/SET SCHEMA PUBLIC
DISCONNECT
/*C249*/SET SCHEMA PUBLIC
DISCONNECT
/*C251*/SET SCHEMA PUBLIC
DISCONNECT
/*C252*/SET SCHEMA PUBLIC
DISCONNECT
/*C253*/SET SCHEMA PUBLIC
DISCONNECT
/*C254*/SET SCHEMA PUBLIC
DISCONNECT
/*C255*/SET SCHEMA PUBLIC
DISCONNECT
/*C256*/SET SCHEMA PUBLIC
DISCONNECT
/*C257*/SET SCHEMA PUBLIC
DISCONNECT
/*C258*/SET SCHEMA PUBLIC
DISCONNECT
/*C259*/SET SCHEMA PUBLIC
DISCONNECT
/*C260*/SET SCHEMA PUBLIC
DISCONNECT
/*C261*/SET SCHEMA PUBLIC
DISCONNECT
/*C263*/SET SCHEMA PUBLIC
DISCONNECT
/*C262*/SET SCHEMA PUBLIC
DISCONNECT
/*C264*/SET SCHEMA PUBLIC
DISCONNECT
/*C265*/SET SCHEMA PUBLIC
DISCONNECT
/*C266*/SET SCHEMA PUBLIC
DISCONNECT
/*C267*/SET SCHEMA PUBLIC
DISCONNECT
/*C269*/SET SCHEMA PUBLIC
DISCONNECT
/*C268*/SET SCHEMA PUBLIC
DISCONNECT
/*C270*/SET SCHEMA PUBLIC
DISCONNECT
/*C272*/SET SCHEMA PUBLIC
DISCONNECT
/*C271*/SET SCHEMA PUBLIC
DISCONNECT
/*C273*/SET SCHEMA PUBLIC
DISCONNECT
/*C275*/SET SCHEMA PUBLIC
DISCONNECT
/*C276*/SET SCHEMA PUBLIC
DISCONNECT
/*C277*/SET SCHEMA PUBLIC
DISCONNECT
/*C274*/SET SCHEMA PUBLIC
DISCONNECT
/*C278*/SET SCHEMA PUBLIC
DISCONNECT
/*C279*/SET SCHEMA PUBLIC
DISCONNECT
/*C281*/SET SCHEMA PUBLIC
DISCONNECT
/*C280*/SET SCHEMA PUBLIC
DISCONNECT
/*C282*/SET SCHEMA PUBLIC
DISCONNECT
/*C283*/SET SCHEMA PUBLIC
DISCONNECT
/*C285*/SET SCHEMA PUBLIC
DISCONNECT
/*C284*/SET SCHEMA PUBLIC
DISCONNECT
/*C286*/SET SCHEMA PUBLIC
DISCONNECT
/*C287*/SET SCHEMA PUBLIC
DISCONNECT
/*C288*/SET SCHEMA PUBLIC
DISCONNECT
/*C290*/SET SCHEMA PUBLIC
DISCONNECT
/*C289*/SET SCHEMA PUBLIC
DISCONNECT
/*C291*/SET SCHEMA PUBLIC
DISCONNECT
/*C292*/SET SCHEMA PUBLIC
DISCONNECT
/*C293*/SET SCHEMA PUBLIC
DISCONNECT
/*C294*/SET SCHEMA PUBLIC
DISCONNECT
/*C296*/SET SCHEMA PUBLIC
DISCONNECT
/*C295*/SET SCHEMA PUBLIC
DISCONNECT
/*C297*/SET SCHEMA PUBLIC
DISCONNECT
/*C298*/SET SCHEMA PUBLIC
DISCONNECT
/*C299*/SET SCHEMA PUBLIC
DISCONNECT
/*C300*/SET SCHEMA PUBLIC
DISCONNECT
/*C302*/SET SCHEMA PUBLIC
DISCONNECT
/*C301*/SET SCHEMA PUBLIC
DISCONNECT
/*C303*/SET SCHEMA PUBLIC
DISCONNECT
/*C304*/SET SCHEMA PUBLIC
DISCONNECT
/*C305*/SET SCHEMA PUBLIC
DISCONNECT
/*C306*/SET SCHEMA PUBLIC
DISCONNECT
/*C307*/SET SCHEMA PUBLIC
DISCONNECT
/*C308*/SET SCHEMA PUBLIC
DISCONNECT
/*C309*/SET SCHEMA PUBLIC
DISCONNECT
/*C310*/SET SCHEMA PUBLIC
DISCONNECT
/*C311*/SET SCHEMA PUBLIC
DISCONNECT
/*C312*/SET SCHEMA PUBLIC
DISCONNECT
/*C314*/SET SCHEMA PUBLIC
DISCONNECT
/*C313*/SET SCHEMA PUBLIC
DISCONNECT
/*C315*/SET SCHEMA PUBLIC
DISCONNECT
/*C316*/SET SCHEMA PUBLIC
DISCONNECT
/*C317*/SET SCHEMA PUBLIC
DISCONNECT
